Determining if the getauxval exist failed with the following output:
Change Dir: /home/olha/Стільниця/doclinkTest-main/deps/rocksdb/_build/cmake/rocksdb-prefix/src/rocksdb-build/CMakeFiles/CMakeTmp

Run Build Command(s):/usr/bin/make cmTC_31221/fast && make[3]: входимо до каталогу «/home/olha/Стільниця/doclinkTest-main/deps/rocksdb/_build/cmake/rocksdb-prefix/src/rocksdb-build/CMakeFiles/CMakeTmp»
/usr/bin/make -f CMakeFiles/cmTC_31221.dir/build.make CMakeFiles/cmTC_31221.dir/build
make[4]: входимо до каталогу «/home/olha/Стільниця/doclinkTest-main/deps/rocksdb/_build/cmake/rocksdb-prefix/src/rocksdb-build/CMakeFiles/CMakeTmp»
Building CXX object CMakeFiles/cmTC_31221.dir/CheckSymbolExists.cxx.o
/usr/bin/c++    -W -Wextra -Wall -Wsign-compare -Wshadow -Wno-unused-parameter -Wno-unused-variable -Woverloaded-virtual -Wnon-virtual-dtor -Wno-missing-field-initializers -Wno-strict-aliasing -fno-omit-frame-pointer -momit-leaf-frame-pointer -fno-builtin-memcmp  -fPIE   -o CMakeFiles/cmTC_31221.dir/CheckSymbolExists.cxx.o -c /home/olha/Стільниця/doclinkTest-main/deps/rocksdb/_build/cmake/rocksdb-prefix/src/rocksdb-build/CMakeFiles/CMakeTmp/CheckSymbolExists.cxx
/home/olha/Стільниця/doclinkTest-main/deps/rocksdb/_build/cmake/rocksdb-prefix/src/rocksdb-build/CMakeFiles/CMakeTmp/CheckSymbolExists.cxx:2:10: fatal error: auvx.h: Немає такого файла або каталогу
    2 | #include <auvx.h>
      |          ^~~~~~~~
compilation terminated.
make[4]: *** [CMakeFiles/cmTC_31221.dir/build.make:66: CMakeFiles/cmTC_31221.dir/CheckSymbolExists.cxx.o] Помилка 1
make[4]: Залишаю каталог "/home/olha/Стільниця/doclinkTest-main/deps/rocksdb/_build/cmake/rocksdb-prefix/src/rocksdb-build/CMakeFiles/CMakeTmp"
make[3]: *** [Makefile:121: cmTC_31221/fast] Помилка 2
make[3]: Залишаю каталог "/home/olha/Стільниця/doclinkTest-main/deps/rocksdb/_build/cmake/rocksdb-prefix/src/rocksdb-build/CMakeFiles/CMakeTmp"


File /home/olha/Стільниця/doclinkTest-main/deps/rocksdb/_build/cmake/rocksdb-prefix/src/rocksdb-build/CMakeFiles/CMakeTmp/CheckSymbolExists.cxx:
/* */
#include <auvx.h>

int main(int argc, char** argv)
{
  (void)argv;
#ifndef getauxval
  return ((int*)(&getauxval))[argc];
#else
  (void)argc;
  return 0;
#endif
}
Performing C SOURCE FILE Test CMAKE_HAVE_LIBC_PTHREAD failed with the following output:
Change Dir: /home/olha/Стільниця/doclinkTest-main/deps/rocksdb/_build/cmake/rocksdb-prefix/src/rocksdb-build/CMakeFiles/CMakeTmp

Run Build Command(s):/usr/bin/make cmTC_aa0c3/fast && make[3]: входимо до каталогу «/home/olha/Стільниця/doclinkTest-main/deps/rocksdb/_build/cmake/rocksdb-prefix/src/rocksdb-build/CMakeFiles/CMakeTmp»
/usr/bin/make -f CMakeFiles/cmTC_aa0c3.dir/build.make CMakeFiles/cmTC_aa0c3.dir/build
make[4]: входимо до каталогу «/home/olha/Стільниця/doclinkTest-main/deps/rocksdb/_build/cmake/rocksdb-prefix/src/rocksdb-build/CMakeFiles/CMakeTmp»
Building C object CMakeFiles/cmTC_aa0c3.dir/src.c.o
/usr/bin/cc   -DCMAKE_HAVE_LIBC_PTHREAD -fPIE   -o CMakeFiles/cmTC_aa0c3.dir/src.c.o   -c /home/olha/Стільниця/doclinkTest-main/deps/rocksdb/_build/cmake/rocksdb-prefix/src/rocksdb-build/CMakeFiles/CMakeTmp/src.c
Linking C executable cmTC_aa0c3
/usr/bin/cmake -E cmake_link_script CMakeFiles/cmTC_aa0c3.dir/link.txt --verbose=1
/usr/bin/cc  -DCMAKE_HAVE_LIBC_PTHREAD    CMakeFiles/cmTC_aa0c3.dir/src.c.o  -o cmTC_aa0c3 
/usr/bin/ld: CMakeFiles/cmTC_aa0c3.dir/src.c.o: у функції «main»:
src.c:(.text+0x46): невизначене посилання «pthread_create»
/usr/bin/ld: src.c:(.text+0x52): невизначене посилання «pthread_detach»
/usr/bin/ld: src.c:(.text+0x63): невизначене посилання «pthread_join»
collect2: error: ld returned 1 exit status
make[4]: *** [CMakeFiles/cmTC_aa0c3.dir/build.make:87: cmTC_aa0c3] Помилка 1
make[4]: Залишаю каталог "/home/olha/Стільниця/doclinkTest-main/deps/rocksdb/_build/cmake/rocksdb-prefix/src/rocksdb-build/CMakeFiles/CMakeTmp"
make[3]: *** [Makefile:121: cmTC_aa0c3/fast] Помилка 2
make[3]: Залишаю каталог "/home/olha/Стільниця/doclinkTest-main/deps/rocksdb/_build/cmake/rocksdb-prefix/src/rocksdb-build/CMakeFiles/CMakeTmp"


Source file was:
#include <pthread.h>

void* test_func(void* data)
{
  return data;
}

int main(void)
{
  pthread_t thread;
  pthread_create(&thread, NULL, test_func, NULL);
  pthread_detach(thread);
  pthread_join(thread, NULL);
  pthread_atfork(NULL, NULL, NULL);
  pthread_exit(NULL);

  return 0;
}

Determining if the function pthread_create exists in the pthreads failed with the following output:
Change Dir: /home/olha/Стільниця/doclinkTest-main/deps/rocksdb/_build/cmake/rocksdb-prefix/src/rocksdb-build/CMakeFiles/CMakeTmp

Run Build Command(s):/usr/bin/make cmTC_8a4da/fast && make[3]: входимо до каталогу «/home/olha/Стільниця/doclinkTest-main/deps/rocksdb/_build/cmake/rocksdb-prefix/src/rocksdb-build/CMakeFiles/CMakeTmp»
/usr/bin/make -f CMakeFiles/cmTC_8a4da.dir/build.make CMakeFiles/cmTC_8a4da.dir/build
make[4]: входимо до каталогу «/home/olha/Стільниця/doclinkTest-main/deps/rocksdb/_build/cmake/rocksdb-prefix/src/rocksdb-build/CMakeFiles/CMakeTmp»
Building C object CMakeFiles/cmTC_8a4da.dir/CheckFunctionExists.c.o
/usr/bin/cc   -DCHECK_FUNCTION_EXISTS=pthread_create -fPIE   -o CMakeFiles/cmTC_8a4da.dir/CheckFunctionExists.c.o   -c /usr/share/cmake-3.16/Modules/CheckFunctionExists.c
Linking C executable cmTC_8a4da
/usr/bin/cmake -E cmake_link_script CMakeFiles/cmTC_8a4da.dir/link.txt --verbose=1
/usr/bin/cc  -DCHECK_FUNCTION_EXISTS=pthread_create    CMakeFiles/cmTC_8a4da.dir/CheckFunctionExists.c.o  -o cmTC_8a4da  -lpthreads 
/usr/bin/ld: не вдалося знайти -lpthreads
collect2: error: ld returned 1 exit status
make[4]: *** [CMakeFiles/cmTC_8a4da.dir/build.make:87: cmTC_8a4da] Помилка 1
make[4]: Залишаю каталог "/home/olha/Стільниця/doclinkTest-main/deps/rocksdb/_build/cmake/rocksdb-prefix/src/rocksdb-build/CMakeFiles/CMakeTmp"
make[3]: *** [Makefile:121: cmTC_8a4da/fast] Помилка 2
make[3]: Залишаю каталог "/home/olha/Стільниця/doclinkTest-main/deps/rocksdb/_build/cmake/rocksdb-prefix/src/rocksdb-build/CMakeFiles/CMakeTmp"



